[2021-05-17 23:10:55.452] [exthost] [info] extension host started
[2021-05-17 23:10:55.609] [exthost] [info] ExtensionService#_doActivateExtension vscode.microsoft-authentication {"startup":false,"extensionId":{"value":"vscode.microsoft-authentication","_lower":"vscode.microsoft-authentication"},"activationEvent":"onAuthenticationRequest:microsoft"}
[2021-05-17 23:10:55.610] [exthost] [info] ExtensionService#loadCommonJSModule file:///snap/code/65/usr/share/code/resources/app/extensions/microsoft-authentication/dist/extension.js
[2021-05-17 23:10:55.638] [exthost] [info] ExtensionService#_doActivateExtension vscode.debug-auto-launch {"startup":true,"extensionId":{"value":"vscode.debug-auto-launch","_lower":"vscode.debug-auto-launch"},"activationEvent":"*"}
[2021-05-17 23:10:55.638] [exthost] [info] ExtensionService#loadCommonJSModule file:///snap/code/65/usr/share/code/resources/app/extensions/debug-auto-launch/dist/extension
[2021-05-17 23:10:55.641] [exthost] [info] ExtensionService#_doActivateExtension vscode.git {"startup":true,"extensionId":{"value":"vscode.github","_lower":"vscode.github"},"activationEvent":"*"}
[2021-05-17 23:10:55.641] [exthost] [info] ExtensionService#loadCommonJSModule file:///snap/code/65/usr/share/code/resources/app/extensions/git/dist/main
[2021-05-17 23:10:55.809] [exthost] [info] ExtensionService#_doActivateExtension ms-vscode.js-debug {"startup":false,"extensionId":{"value":"ms-vscode.js-debug","_lower":"ms-vscode.js-debug"},"activationEvent":"onCommand:extension.js-debug.clearAutoAttachVariables"}
[2021-05-17 23:10:55.809] [exthost] [info] ExtensionService#loadCommonJSModule file:///snap/code/65/usr/share/code/resources/app/extensions/ms-vscode.js-debug/src/extension.js
[2021-05-17 23:10:56.217] [exthost] [info] ExtensionService#_doActivateExtension vscode.github-authentication {"startup":false,"extensionId":{"value":"vscode.github-authentication","_lower":"vscode.github-authentication"},"activationEvent":"onAuthenticationRequest:github"}
[2021-05-17 23:10:56.217] [exthost] [info] ExtensionService#loadCommonJSModule file:///snap/code/65/usr/share/code/resources/app/extensions/github-authentication/dist/extension.js
[2021-05-17 23:10:56.242] [exthost] [info] ExtensionService#_doActivateExtension vscode.github {"startup":true,"extensionId":{"value":"vscode.github","_lower":"vscode.github"},"activationEvent":"*"}
[2021-05-17 23:10:56.242] [exthost] [info] ExtensionService#loadCommonJSModule file:///snap/code/65/usr/share/code/resources/app/extensions/github/dist/extension.js
[2021-05-17 23:10:56.292] [exthost] [info] eager extensions activated
[2021-05-17 23:10:56.297] [exthost] [info] ExtensionService#_doActivateExtension vscode.emmet {"startup":false,"extensionId":{"value":"vscode.emmet","_lower":"vscode.emmet"},"activationEvent":"onStartupFinished"}
[2021-05-17 23:10:56.297] [exthost] [info] ExtensionService#loadCommonJSModule file:///snap/code/65/usr/share/code/resources/app/extensions/emmet/dist/node/emmetNodeMain
[2021-05-17 23:10:56.311] [exthost] [info] ExtensionService#_doActivateExtension vscode.merge-conflict {"startup":false,"extensionId":{"value":"vscode.merge-conflict","_lower":"vscode.merge-conflict"},"activationEvent":"onStartupFinished"}
[2021-05-17 23:10:56.311] [exthost] [info] ExtensionService#loadCommonJSModule file:///snap/code/65/usr/share/code/resources/app/extensions/merge-conflict/dist/mergeConflictMain
[2021-05-17 23:10:56.313] [exthost] [info] ExtensionService#_doActivateExtension vscode.testing-editor-contributions {"startup":false,"extensionId":{"value":"vscode.testing-editor-contributions","_lower":"vscode.testing-editor-contributions"},"activationEvent":"onStartupFinished"}
[2021-05-17 23:10:56.313] [exthost] [info] ExtensionService#loadCommonJSModule file:///snap/code/65/usr/share/code/resources/app/extensions/testing-editor-contributions/dist/extension.js
[2021-05-17 23:11:06.966] [exthost] [info] extension host terminating: received terminate message from renderer
[2021-05-17 23:11:07.981] [exthost] [info] exiting with code 0
[2021-05-17 23:11:10.626] [exthost] [info] extension host started
[2021-05-17 23:11:10.685] [exthost] [info] ExtensionService#_doActivateExtension vscode.microsoft-authentication {"startup":false,"extensionId":{"value":"vscode.microsoft-authentication","_lower":"vscode.microsoft-authentication"},"activationEvent":"onAuthenticationRequest:microsoft"}
[2021-05-17 23:11:10.685] [exthost] [info] ExtensionService#loadCommonJSModule file:///snap/code/65/usr/share/code/resources/app/extensions/microsoft-authentication/dist/extension.js
[2021-05-17 23:11:10.704] [exthost] [info] ExtensionService#_doActivateExtension vscode.debug-auto-launch {"startup":true,"extensionId":{"value":"vscode.debug-auto-launch","_lower":"vscode.debug-auto-launch"},"activationEvent":"*"}
[2021-05-17 23:11:10.704] [exthost] [info] ExtensionService#loadCommonJSModule file:///snap/code/65/usr/share/code/resources/app/extensions/debug-auto-launch/dist/extension
[2021-05-17 23:11:10.705] [exthost] [info] ExtensionService#_doActivateExtension vscode.git {"startup":true,"extensionId":{"value":"vscode.github","_lower":"vscode.github"},"activationEvent":"*"}
[2021-05-17 23:11:10.705] [exthost] [info] ExtensionService#loadCommonJSModule file:///snap/code/65/usr/share/code/resources/app/extensions/git/dist/main
[2021-05-17 23:11:11.400] [exthost] [info] ExtensionService#_doActivateExtension vscode.github {"startup":true,"extensionId":{"value":"vscode.github","_lower":"vscode.github"},"activationEvent":"*"}
[2021-05-17 23:11:11.402] [exthost] [info] ExtensionService#loadCommonJSModule file:///snap/code/65/usr/share/code/resources/app/extensions/github/dist/extension.js
[2021-05-17 23:11:11.465] [exthost] [info] ExtensionService#_doActivateExtension ms-vscode.js-debug {"startup":false,"extensionId":{"value":"ms-vscode.js-debug","_lower":"ms-vscode.js-debug"},"activationEvent":"onCommand:extension.js-debug.clearAutoAttachVariables"}
[2021-05-17 23:11:11.465] [exthost] [info] ExtensionService#loadCommonJSModule file:///snap/code/65/usr/share/code/resources/app/extensions/ms-vscode.js-debug/src/extension.js
[2021-05-17 23:11:11.814] [exthost] [info] eager extensions activated
[2021-05-17 23:11:11.901] [exthost] [info] ExtensionService#_doActivateExtension vscode.github-authentication {"startup":false,"extensionId":{"value":"vscode.github-authentication","_lower":"vscode.github-authentication"},"activationEvent":"onAuthenticationRequest:github"}
[2021-05-17 23:11:11.902] [exthost] [info] ExtensionService#loadCommonJSModule file:///snap/code/65/usr/share/code/resources/app/extensions/github-authentication/dist/extension.js
[2021-05-17 23:11:11.919] [exthost] [info] ExtensionService#_doActivateExtension vscode.emmet {"startup":false,"extensionId":{"value":"vscode.emmet","_lower":"vscode.emmet"},"activationEvent":"onStartupFinished"}
[2021-05-17 23:11:11.919] [exthost] [info] ExtensionService#loadCommonJSModule file:///snap/code/65/usr/share/code/resources/app/extensions/emmet/dist/node/emmetNodeMain
[2021-05-17 23:11:11.929] [exthost] [info] ExtensionService#_doActivateExtension vscode.merge-conflict {"startup":false,"extensionId":{"value":"vscode.merge-conflict","_lower":"vscode.merge-conflict"},"activationEvent":"onStartupFinished"}
[2021-05-17 23:11:11.929] [exthost] [info] ExtensionService#loadCommonJSModule file:///snap/code/65/usr/share/code/resources/app/extensions/merge-conflict/dist/mergeConflictMain
[2021-05-17 23:11:11.930] [exthost] [info] ExtensionService#_doActivateExtension vscode.testing-editor-contributions {"startup":false,"extensionId":{"value":"vscode.testing-editor-contributions","_lower":"vscode.testing-editor-contributions"},"activationEvent":"onStartupFinished"}
[2021-05-17 23:11:11.930] [exthost] [info] ExtensionService#loadCommonJSModule file:///snap/code/65/usr/share/code/resources/app/extensions/testing-editor-contributions/dist/extension.js
[2021-05-17 23:11:13.853] [exthost] [info] ExtensionService#_doActivateExtension vscode.php-language-features {"startup":false,"extensionId":{"value":"vscode.php-language-features","_lower":"vscode.php-language-features"},"activationEvent":"onLanguage:php"}
[2021-05-17 23:11:13.853] [exthost] [info] ExtensionService#loadCommonJSModule file:///snap/code/65/usr/share/code/resources/app/extensions/php-language-features/dist/phpMain
[2021-05-17 23:11:13.990] [exthost] [info] ExtensionService#_doActivateExtension bmewburn.vscode-intelephense-client {"startup":false,"extensionId":{"value":"bmewburn.vscode-intelephense-client","_lower":"bmewburn.vscode-intelephense-client"},"activationEvent":"onLanguage:php"}
[2021-05-17 23:11:13.991] [exthost] [info] ExtensionService#loadCommonJSModule file:///root/.vscode/extensions/bmewburn.vscode-intelephense-client-1.7.1/lib/extension
[2021-05-17 23:18:05.852] [exthost] [info] ExtensionService#_doActivateExtension vscode.configuration-editing {"startup":false,"extensionId":{"value":"vscode.configuration-editing","_lower":"vscode.configuration-editing"},"activationEvent":"onLanguage:json"}
[2021-05-17 23:18:05.853] [exthost] [info] ExtensionService#loadCommonJSModule file:///snap/code/65/usr/share/code/resources/app/extensions/configuration-editing/dist/configurationEditingMain
[2021-05-17 23:18:06.164] [exthost] [info] ExtensionService#_doActivateExtension vscode.extension-editing {"startup":false,"extensionId":{"value":"vscode.extension-editing","_lower":"vscode.extension-editing"},"activationEvent":"onLanguage:json"}
[2021-05-17 23:18:06.165] [exthost] [info] ExtensionService#loadCommonJSModule file:///snap/code/65/usr/share/code/resources/app/extensions/extension-editing/dist/extensionEditingMain
[2021-05-17 23:18:06.257] [exthost] [info] ExtensionService#_doActivateExtension vscode.json-language-features {"startup":false,"extensionId":{"value":"vscode.json-language-features","_lower":"vscode.json-language-features"},"activationEvent":"onLanguage:json"}
[2021-05-17 23:18:06.258] [exthost] [info] ExtensionService#loadCommonJSModule file:///snap/code/65/usr/share/code/resources/app/extensions/json-language-features/client/dist/node/jsonClientMain
[2021-05-17 23:18:07.081] [exthost] [info] ExtensionService#_doActivateExtension vscode.npm {"startup":false,"extensionId":{"value":"vscode.npm","_lower":"vscode.npm"},"activationEvent":"onLanguage:json"}
[2021-05-17 23:18:07.083] [exthost] [info] ExtensionService#loadCommonJSModule file:///snap/code/65/usr/share/code/resources/app/extensions/npm/dist/npmMain
[2021-05-17 23:22:09.968] [exthost] [error] [bmewburn.vscode-intelephense-client] provider FAILED
[2021-05-17 23:22:10.019] [exthost] [error] Canceled: Canceled
	at w.makeCancelError (/root/.vscode/extensions/bmewburn.vscode-intelephense-client-1.7.1/lib/extension.js:1:128391)
	at w.handleFailedRequest (/root/.vscode/extensions/bmewburn.vscode-intelephense-client-1.7.1/lib/extension.js:1:128242)
	at /root/.vscode/extensions/bmewburn.vscode-intelephense-client-1.7.1/lib/extension.js:1:93115
[2021-05-17 23:25:01.376] [exthost] [info] ExtensionService#_doActivateExtension vscode.markdown-language-features {"startup":false,"extensionId":{"value":"vscode.markdown-language-features","_lower":"vscode.markdown-language-features"},"activationEvent":"onLanguage:markdown"}
[2021-05-17 23:25:01.376] [exthost] [info] ExtensionService#loadCommonJSModule file:///snap/code/65/usr/share/code/resources/app/extensions/markdown-language-features/dist/extension
